2022-04-01 15:54:15,386 INFO o.S.s.Main [main] Supermarket{Id='22, name='Wallmart, address='Main Road 345, phone number='99885533}
2022-04-01 15:54:16,194 INFO o.S.s.Main [main] Branch{Id='1, name='Branch 1, address='Saint Laurent St.123, phone number='11223344, city='Springfield, manager=Employee{Id='1, name='Lorenzo Marccini, age=29, date of birth='java.util.GregorianCalendar[time=?,areFieldsSet=false,areAllFieldsSet=true,lenient=true,zone=sun.util.calendar.ZoneInfo[id="America/Buenos_Aires",offset=-10800000,dstSavings=0,useDaylight=false,transitions=62,lastRule=null],firstDayOfWeek=2,minimalDaysInFirstWeek=4,ERA=1,YEAR=1992,MONTH=10,WEEK_OF_YEAR=13,WEEK_OF_MONTH=0,DAY_OF_MONTH=22,DAY_OF_YEAR=91,DAY_OF_WEEK=6,DAY_OF_WEEK_IN_MONTH=1,AM_PM=1,HOUR=3,HOUR_OF_DAY=15,MINUTE=54,SECOND=14,MILLISECOND=988,ZONE_OFFSET=-10800000,DST_OFFSET=0], address='Morengo St. 345, phone number='99887766, position='Manager, wage='600.0, seniority='4},employees=null}
2022-04-03 11:43:42,461 INFO o.S.s.Main [main] Supermarket{Id='22, name='Wallmart, address='Main Road 345, phone number='99885533}
2022-04-03 11:43:42,755 INFO o.S.s.Main [main] Branch{Id='1, name='Branch 1, address='Saint Laurent St.123, phone number='11223344, city='Springfield, manager=Employee{Id='1, name='Lorenzo Marccini, age=29, date of birth='java.util.GregorianCalendar[time=?,areFieldsSet=false,areAllFieldsSet=true,lenient=true,zone=sun.util.calendar.ZoneInfo[id="America/Buenos_Aires",offset=-10800000,dstSavings=0,useDaylight=false,transitions=62,lastRule=null],firstDayOfWeek=2,minimalDaysInFirstWeek=4,ERA=1,YEAR=1992,MONTH=10,WEEK_OF_YEAR=13,WEEK_OF_MONTH=0,DAY_OF_MONTH=22,DAY_OF_YEAR=93,DAY_OF_WEEK=1,DAY_OF_WEEK_IN_MONTH=1,AM_PM=0,HOUR=11,HOUR_OF_DAY=11,MINUTE=43,SECOND=41,MILLISECOND=902,ZONE_OFFSET=-10800000,DST_OFFSET=0], address='Morengo St. 345, phone number='99887766, position='Manager, wage='600.0, seniority='4},employees=null}
2022-04-03 12:35:57,052 INFO o.S.s.Main [main] Supermarket{Id='22, name='Wallmart, address='Main Road 345, phone number='99885533}
2022-04-03 12:35:57,974 INFO o.S.s.Main [main] Branch{Id='1, name='Branch 1, address='Saint Laurent St.123, phone number='11223344, city='Springfield, manager=Employee{Id='1, name='Lorenzo Marccini, age=29, date of birth='java.util.GregorianCalendar[time=?,areFieldsSet=false,areAllFieldsSet=true,lenient=true,zone=sun.util.calendar.ZoneInfo[id="America/Buenos_Aires",offset=-10800000,dstSavings=0,useDaylight=false,transitions=62,lastRule=null],firstDayOfWeek=2,minimalDaysInFirstWeek=4,ERA=1,YEAR=1992,MONTH=10,WEEK_OF_YEAR=13,WEEK_OF_MONTH=0,DAY_OF_MONTH=22,DAY_OF_YEAR=93,DAY_OF_WEEK=1,DAY_OF_WEEK_IN_MONTH=1,AM_PM=1,HOUR=0,HOUR_OF_DAY=12,MINUTE=35,SECOND=56,MILLISECOND=862,ZONE_OFFSET=-10800000,DST_OFFSET=0], address='Morengo St. 345, phone number='99887766, position='Manager, wage='600.0, seniority='4},employees=null}
2022-04-03 12:35:58,035 ERROR o.S.s.Main [main] A discount on the 3rd product cannot be aply, there's less than 3 products
2022-04-03 15:04:03,540 INFO o.S.s.Main [main] Supermarket{Id='22, name='Wallmart, address='Main Road 345, phone number='99885533}
2022-04-03 15:04:03,774 INFO o.S.s.Main [main] Branch{Id='1, name='Branch 1, address='Saint Laurent St.123, phone number='11223344, city='Springfield, manager=Employee{Id='1, name='Lorenzo Marccini, age=29, date of birth='java.util.GregorianCalendar[time=?,areFieldsSet=false,areAllFieldsSet=true,lenient=true,zone=sun.util.calendar.ZoneInfo[id="America/Buenos_Aires",offset=-10800000,dstSavings=0,useDaylight=false,transitions=62,lastRule=null],firstDayOfWeek=2,minimalDaysInFirstWeek=4,ERA=1,YEAR=1992,MONTH=10,WEEK_OF_YEAR=13,WEEK_OF_MONTH=0,DAY_OF_MONTH=22,DAY_OF_YEAR=93,DAY_OF_WEEK=1,DAY_OF_WEEK_IN_MONTH=1,AM_PM=1,HOUR=3,HOUR_OF_DAY=15,MINUTE=4,SECOND=3,MILLISECOND=87,ZONE_OFFSET=-10800000,DST_OFFSET=0], address='Morengo St. 345, phone number='99887766, position='Manager, wage='600.0, seniority='4},employees=null}
2022-04-03 15:04:03,899 ERROR o.S.s.Main [main] This product is not on the list, it cannot be remove
2022-04-03 15:04:03,899 ERROR o.S.s.Main [main] A discount on the 3rd product cannot be aply, there's less than 3 products
2022-04-03 15:06:47,487 INFO o.S.s.Main [main] Supermarket{Id='22, name='Wallmart, address='Main Road 345, phone number='99885533}
2022-04-03 15:06:47,753 INFO o.S.s.Main [main] Branch{Id='1, name='Branch 1, address='Saint Laurent St.123, phone number='11223344, city='Springfield, manager=Employee{Id='1, name='Lorenzo Marccini, age=29, date of birth='java.util.GregorianCalendar[time=?,areFieldsSet=false,areAllFieldsSet=true,lenient=true,zone=sun.util.calendar.ZoneInfo[id="America/Buenos_Aires",offset=-10800000,dstSavings=0,useDaylight=false,transitions=62,lastRule=null],firstDayOfWeek=2,minimalDaysInFirstWeek=4,ERA=1,YEAR=1992,MONTH=10,WEEK_OF_YEAR=13,WEEK_OF_MONTH=0,DAY_OF_MONTH=22,DAY_OF_YEAR=93,DAY_OF_WEEK=1,DAY_OF_WEEK_IN_MONTH=1,AM_PM=1,HOUR=3,HOUR_OF_DAY=15,MINUTE=6,SECOND=47,MILLISECOND=378,ZONE_OFFSET=-10800000,DST_OFFSET=0], address='Morengo St. 345, phone number='99887766, position='Manager, wage='600.0, seniority='4},employees=null}
2022-04-03 15:06:48,143 ERROR o.S.s.Main [main] This product is not on the list, it cannot be remove
2022-04-03 15:06:48,159 ERROR o.S.s.Main [main] A discount on the 3rd product cannot be aply, there's less than 3 products
2022-04-03 15:06:48,159 ERROR o.S.s.Main [main] This employee is not on the list, it cannot be remove
2022-04-03 15:38:19,775 INFO o.S.s.Main [main] Supermarket{Id='22, name='Wallmart, address='Main Road 345, phone number='99885533}
2022-04-03 15:38:20,193 INFO o.S.s.Main [main] Branch{Id='1, name='Branch 1, address='Saint Laurent St.123, phone number='11223344, city='Springfield, manager=Employee{Id='1, name='Lorenzo Marccini, age=29, date of birth='java.util.GregorianCalendar[time=?,areFieldsSet=false,areAllFieldsSet=true,lenient=true,zone=sun.util.calendar.ZoneInfo[id="America/Buenos_Aires",offset=-10800000,dstSavings=0,useDaylight=false,transitions=62,lastRule=null],firstDayOfWeek=2,minimalDaysInFirstWeek=4,ERA=1,YEAR=1992,MONTH=10,WEEK_OF_YEAR=13,WEEK_OF_MONTH=0,DAY_OF_MONTH=22,DAY_OF_YEAR=93,DAY_OF_WEEK=1,DAY_OF_WEEK_IN_MONTH=1,AM_PM=1,HOUR=3,HOUR_OF_DAY=15,MINUTE=38,SECOND=19,MILLISECOND=377,ZONE_OFFSET=-10800000,DST_OFFSET=0], address='Morengo St. 345, phone number='99887766, position='Manager, wage='600.0, seniority='4},employees=null}
2022-04-03 15:38:20,436 ERROR o.S.s.Main [main] This product is not on the list, it cannot be remove
2022-04-03 15:38:20,438 ERROR o.S.s.Main [main] A discount on the 3rd product cannot be aply, there's less than 3 products
2022-04-03 15:38:20,438 ERROR o.S.s.Main [main] This employee is not on the list, it cannot be remove
2022-04-03 15:46:24,224 INFO o.S.s.Main [main] Supermarket{Id='22, name='Wallmart, address='Main Road 345, phone number='99885533}
2022-04-03 15:46:24,518 INFO o.S.s.Main [main] Branch{Id='1, name='Branch 1, address='Saint Laurent St.123, phone number='11223344, city='Springfield, manager=Employee{Id='1, name='Lorenzo Marccini, age=29, date of birth='java.util.GregorianCalendar[time=?,areFieldsSet=false,areAllFieldsSet=true,lenient=true,zone=sun.util.calendar.ZoneInfo[id="America/Buenos_Aires",offset=-10800000,dstSavings=0,useDaylight=false,transitions=62,lastRule=null],firstDayOfWeek=2,minimalDaysInFirstWeek=4,ERA=1,YEAR=1992,MONTH=10,WEEK_OF_YEAR=13,WEEK_OF_MONTH=0,DAY_OF_MONTH=22,DAY_OF_YEAR=93,DAY_OF_WEEK=1,DAY_OF_WEEK_IN_MONTH=1,AM_PM=1,HOUR=3,HOUR_OF_DAY=15,MINUTE=46,SECOND=24,MILLISECOND=11,ZONE_OFFSET=-10800000,DST_OFFSET=0], address='Morengo St. 345, phone number='99887766, position='Manager, wage='600.0, seniority='4},employees=null}
2022-04-03 15:46:24,768 ERROR o.S.s.Main [main] This product is not on the list, it cannot be remove
2022-04-03 15:46:24,768 ERROR o.S.s.Main [main] A discount on the 3rd product cannot be aply, there's less than 3 products
2022-04-03 15:46:24,773 ERROR o.S.s.Main [main] This employee is not on the list, it cannot be remove
2022-04-03 15:50:18,012 INFO o.S.s.Main [main] Supermarket{Id='22, name='Wallmart, address='Main Road 345, phone number='99885533}
2022-04-03 15:50:18,193 INFO o.S.s.Main [main] Branch{Id='1, name='Branch 1, address='Saint Laurent St.123, phone number='11223344, city='Springfield, manager=Employee{Id='1, name='Lorenzo Marccini, age=29, date of birth='java.util.GregorianCalendar[time=?,areFieldsSet=false,areAllFieldsSet=true,lenient=true,zone=sun.util.calendar.ZoneInfo[id="America/Buenos_Aires",offset=-10800000,dstSavings=0,useDaylight=false,transitions=62,lastRule=null],firstDayOfWeek=2,minimalDaysInFirstWeek=4,ERA=1,YEAR=1992,MONTH=10,WEEK_OF_YEAR=13,WEEK_OF_MONTH=0,DAY_OF_MONTH=22,DAY_OF_YEAR=93,DAY_OF_WEEK=1,DAY_OF_WEEK_IN_MONTH=1,AM_PM=1,HOUR=3,HOUR_OF_DAY=15,MINUTE=50,SECOND=17,MILLISECOND=756,ZONE_OFFSET=-10800000,DST_OFFSET=0], address='Morengo St. 345, phone number='99887766, position='Manager, wage='600.0, seniority='4},employees=null}
2022-04-03 15:50:18,306 ERROR o.S.s.Main [main] This product is not on the list, it cannot be remove
2022-04-03 15:50:18,308 ERROR o.S.s.Main [main] A discount on the 3rd product cannot be aply, there's less than 3 products
2022-04-03 15:50:18,308 ERROR o.S.s.Main [main] This employee is not on the list, it cannot be remove
2022-04-03 15:51:00,742 INFO o.S.s.Main [main] Supermarket{Id='22, name='Wallmart, address='Main Road 345, phone number='99885533}
2022-04-03 15:51:00,958 INFO o.S.s.Main [main] Branch{Id='1, name='Branch 1, address='Saint Laurent St.123, phone number='11223344, city='Springfield, manager=Employee{Id='1, name='Lorenzo Marccini, age=29, date of birth='java.util.GregorianCalendar[time=?,areFieldsSet=false,areAllFieldsSet=true,lenient=true,zone=sun.util.calendar.ZoneInfo[id="America/Buenos_Aires",offset=-10800000,dstSavings=0,useDaylight=false,transitions=62,lastRule=null],firstDayOfWeek=2,minimalDaysInFirstWeek=4,ERA=1,YEAR=1992,MONTH=10,WEEK_OF_YEAR=13,WEEK_OF_MONTH=0,DAY_OF_MONTH=22,DAY_OF_YEAR=93,DAY_OF_WEEK=1,DAY_OF_WEEK_IN_MONTH=1,AM_PM=1,HOUR=3,HOUR_OF_DAY=15,MINUTE=51,SECOND=0,MILLISECOND=622,ZONE_OFFSET=-10800000,DST_OFFSET=0], address='Morengo St. 345, phone number='99887766, position='Manager, wage='600.0, seniority='4},employees=null}
2022-04-03 15:51:01,082 ERROR o.S.s.Main [main] This product is not on the list, it cannot be remove
2022-04-03 15:51:01,091 ERROR o.S.s.Main [main] A discount on the 3rd product cannot be aply, there's less than 3 products
2022-04-03 15:51:01,093 ERROR o.S.s.Main [main] This employee is not on the list, it cannot be remove
2022-04-03 15:51:36,450 INFO o.S.s.Main [main] Supermarket{Id='22, name='Wallmart, address='Main Road 345, phone number='99885533}
2022-04-03 15:51:36,907 INFO o.S.s.Main [main] Branch{Id='1, name='Branch 1, address='Saint Laurent St.123, phone number='11223344, city='Springfield, manager=Employee{Id='1, name='Lorenzo Marccini, age=29, date of birth='java.util.GregorianCalendar[time=?,areFieldsSet=false,areAllFieldsSet=true,lenient=true,zone=sun.util.calendar.ZoneInfo[id="America/Buenos_Aires",offset=-10800000,dstSavings=0,useDaylight=false,transitions=62,lastRule=null],firstDayOfWeek=2,minimalDaysInFirstWeek=4,ERA=1,YEAR=1992,MONTH=10,WEEK_OF_YEAR=13,WEEK_OF_MONTH=0,DAY_OF_MONTH=22,DAY_OF_YEAR=93,DAY_OF_WEEK=1,DAY_OF_WEEK_IN_MONTH=1,AM_PM=1,HOUR=3,HOUR_OF_DAY=15,MINUTE=51,SECOND=36,MILLISECOND=319,ZONE_OFFSET=-10800000,DST_OFFSET=0], address='Morengo St. 345, phone number='99887766, position='Manager, wage='600.0, seniority='4},employees=null}
2022-04-03 15:51:37,388 ERROR o.S.s.Main [main] This product is not on the list, it cannot be remove
2022-04-03 15:51:37,388 ERROR o.S.s.Main [main] A discount on the 3rd product cannot be aply, there's less than 3 products
2022-04-03 15:51:37,388 ERROR o.S.s.Main [main] This employee is not on the list, it cannot be remove
2022-04-03 15:52:06,600 INFO o.S.s.Main [main] Supermarket{Id='22, name='Wallmart, address='Main Road 345, phone number='99885533}
2022-04-03 15:52:07,922 INFO o.S.s.Main [main] Branch{Id='1, name='Branch 1, address='Saint Laurent St.123, phone number='11223344, city='Springfield, manager=Employee{Id='1, name='Lorenzo Marccini, age=29, date of birth='java.util.GregorianCalendar[time=?,areFieldsSet=false,areAllFieldsSet=true,lenient=true,zone=sun.util.calendar.ZoneInfo[id="America/Buenos_Aires",offset=-10800000,dstSavings=0,useDaylight=false,transitions=62,lastRule=null],firstDayOfWeek=2,minimalDaysInFirstWeek=4,ERA=1,YEAR=1992,MONTH=10,WEEK_OF_YEAR=13,WEEK_OF_MONTH=0,DAY_OF_MONTH=22,DAY_OF_YEAR=93,DAY_OF_WEEK=1,DAY_OF_WEEK_IN_MONTH=1,AM_PM=1,HOUR=3,HOUR_OF_DAY=15,MINUTE=52,SECOND=6,MILLISECOND=206,ZONE_OFFSET=-10800000,DST_OFFSET=0], address='Morengo St. 345, phone number='99887766, position='Manager, wage='600.0, seniority='4},employees=null}
2022-04-03 15:52:07,962 ERROR o.S.s.Main [main] This product is not on the list, it cannot be remove
2022-04-03 15:53:47,515 ERROR o.S.s.Main [main] A discount on the 3rd product cannot be aply, there's less than 3 products
2022-04-03 15:53:47,515 ERROR o.S.s.Main [main] This employee is not on the list, it cannot be remove
2022-04-03 15:54:14,822 INFO o.S.s.Main [main] Supermarket{Id='22, name='Wallmart, address='Main Road 345, phone number='99885533}
2022-04-03 15:54:15,201 INFO o.S.s.Main [main] Branch{Id='1, name='Branch 1, address='Saint Laurent St.123, phone number='11223344, city='Springfield, manager=Employee{Id='1, name='Lorenzo Marccini, age=29, date of birth='java.util.GregorianCalendar[time=?,areFieldsSet=false,areAllFieldsSet=true,lenient=true,zone=sun.util.calendar.ZoneInfo[id="America/Buenos_Aires",offset=-10800000,dstSavings=0,useDaylight=false,transitions=62,lastRule=null],firstDayOfWeek=2,minimalDaysInFirstWeek=4,ERA=1,YEAR=1992,MONTH=10,WEEK_OF_YEAR=13,WEEK_OF_MONTH=0,DAY_OF_MONTH=22,DAY_OF_YEAR=93,DAY_OF_WEEK=1,DAY_OF_WEEK_IN_MONTH=1,AM_PM=1,HOUR=3,HOUR_OF_DAY=15,MINUTE=54,SECOND=14,MILLISECOND=547,ZONE_OFFSET=-10800000,DST_OFFSET=0], address='Morengo St. 345, phone number='99887766, position='Manager, wage='600.0, seniority='4},employees=null}
2022-04-03 15:54:15,860 ERROR o.S.s.Main [main] This product is not on the list, it cannot be remove
2022-04-03 15:55:28,364 ERROR o.S.s.Main [main] A discount on the 3rd product cannot be aply, there's less than 3 products
2022-04-03 15:55:28,364 ERROR o.S.s.Main [main] This employee is not on the list, it cannot be remove
2022-04-03 15:56:15,563 INFO o.S.s.Main [main] Supermarket{Id='22, name='Wallmart, address='Main Road 345, phone number='99885533}
2022-04-03 15:56:15,970 INFO o.S.s.Main [main] Branch{Id='1, name='Branch 1, address='Saint Laurent St.123, phone number='11223344, city='Springfield, manager=Employee{Id='1, name='Lorenzo Marccini, age=29, date of birth='java.util.GregorianCalendar[time=?,areFieldsSet=false,areAllFieldsSet=true,lenient=true,zone=sun.util.calendar.ZoneInfo[id="America/Buenos_Aires",offset=-10800000,dstSavings=0,useDaylight=false,transitions=62,lastRule=null],firstDayOfWeek=2,minimalDaysInFirstWeek=4,ERA=1,YEAR=1992,MONTH=10,WEEK_OF_YEAR=13,WEEK_OF_MONTH=0,DAY_OF_MONTH=22,DAY_OF_YEAR=93,DAY_OF_WEEK=1,DAY_OF_WEEK_IN_MONTH=1,AM_PM=1,HOUR=3,HOUR_OF_DAY=15,MINUTE=56,SECOND=15,MILLISECOND=318,ZONE_OFFSET=-10800000,DST_OFFSET=0], address='Morengo St. 345, phone number='99887766, position='Manager, wage='600.0, seniority='4},employees=null}
2022-04-03 15:56:16,170 ERROR o.S.s.Main [main] This product is not on the list, it cannot be remove
2022-04-03 15:56:26,872 INFO o.S.s.Main [main] Supermarket{Id='22, name='Wallmart, address='Main Road 345, phone number='99885533}
2022-04-03 15:56:27,190 INFO o.S.s.Main [main] Branch{Id='1, name='Branch 1, address='Saint Laurent St.123, phone number='11223344, city='Springfield, manager=Employee{Id='1, name='Lorenzo Marccini, age=29, date of birth='java.util.GregorianCalendar[time=?,areFieldsSet=false,areAllFieldsSet=true,lenient=true,zone=sun.util.calendar.ZoneInfo[id="America/Buenos_Aires",offset=-10800000,dstSavings=0,useDaylight=false,transitions=62,lastRule=null],firstDayOfWeek=2,minimalDaysInFirstWeek=4,ERA=1,YEAR=1992,MONTH=10,WEEK_OF_YEAR=13,WEEK_OF_MONTH=0,DAY_OF_MONTH=22,DAY_OF_YEAR=93,DAY_OF_WEEK=1,DAY_OF_WEEK_IN_MONTH=1,AM_PM=1,HOUR=3,HOUR_OF_DAY=15,MINUTE=56,SECOND=26,MILLISECOND=710,ZONE_OFFSET=-10800000,DST_OFFSET=0], address='Morengo St. 345, phone number='99887766, position='Manager, wage='600.0, seniority='4},employees=null}
2022-04-03 15:56:27,320 ERROR o.S.s.Main [main] This product is not on the list, it cannot be remove
2022-04-03 15:56:27,322 ERROR o.S.s.Main [main] A discount on the 3rd product cannot be aply, there's less than 3 products
2022-04-03 15:56:27,324 ERROR o.S.s.Main [main] This employee is not on the list, it cannot be remove
2022-04-03 15:56:27,660 ERROR o.S.s.Main [main] Not enough funds
2022-04-03 15:58:26,894 ERROR o.S.s.Main [main] A discount on the 3rd product cannot be aply, there's less than 3 products
2022-04-03 15:58:26,894 ERROR o.S.s.Main [main] This employee is not on the list, it cannot be remove
2022-04-03 15:58:27,024 ERROR o.S.s.Main [main] Not enough funds
2022-04-03 15:58:49,985 INFO o.S.s.Main [main] Supermarket{Id='22, name='Wallmart, address='Main Road 345, phone number='99885533}
2022-04-03 15:58:50,360 INFO o.S.s.Main [main] Branch{Id='1, name='Branch 1, address='Saint Laurent St.123, phone number='11223344, city='Springfield, manager=Employee{Id='1, name='Lorenzo Marccini, age=29, date of birth='java.util.GregorianCalendar[time=?,areFieldsSet=false,areAllFieldsSet=true,lenient=true,zone=sun.util.calendar.ZoneInfo[id="America/Buenos_Aires",offset=-10800000,dstSavings=0,useDaylight=false,transitions=62,lastRule=null],firstDayOfWeek=2,minimalDaysInFirstWeek=4,ERA=1,YEAR=1992,MONTH=10,WEEK_OF_YEAR=13,WEEK_OF_MONTH=0,DAY_OF_MONTH=22,DAY_OF_YEAR=93,DAY_OF_WEEK=1,DAY_OF_WEEK_IN_MONTH=1,AM_PM=1,HOUR=3,HOUR_OF_DAY=15,MINUTE=58,SECOND=49,MILLISECOND=824,ZONE_OFFSET=-10800000,DST_OFFSET=0], address='Morengo St. 345, phone number='99887766, position='Manager, wage='600.0, seniority='4},employees=null}
2022-04-03 15:58:50,764 ERROR o.S.s.Main [main] This product is not on the list, it cannot be remove
2022-04-03 15:58:50,764 ERROR o.S.s.Main [main] A discount on the 3rd product cannot be aply, there's less than 3 products
2022-04-03 15:58:50,764 ERROR o.S.s.Main [main] This employee is not on the list, it cannot be remove
2022-04-03 16:04:13,081 INFO o.S.s.Main [main] Supermarket{Id='22, name='Wallmart, address='Main Road 345, phone number='99885533}
2022-04-03 16:04:13,549 INFO o.S.s.Main [main] Branch{Id='1, name='Branch 1, address='Saint Laurent St.123, phone number='11223344, city='Springfield, manager=Employee{Id='1, name='Lorenzo Marccini, age=29, date of birth='java.util.GregorianCalendar[time=?,areFieldsSet=false,areAllFieldsSet=true,lenient=true,zone=sun.util.calendar.ZoneInfo[id="America/Buenos_Aires",offset=-10800000,dstSavings=0,useDaylight=false,transitions=62,lastRule=null],firstDayOfWeek=2,minimalDaysInFirstWeek=4,ERA=1,YEAR=1992,MONTH=10,WEEK_OF_YEAR=13,WEEK_OF_MONTH=0,DAY_OF_MONTH=22,DAY_OF_YEAR=93,DAY_OF_WEEK=1,DAY_OF_WEEK_IN_MONTH=1,AM_PM=1,HOUR=4,HOUR_OF_DAY=16,MINUTE=4,SECOND=12,MILLISECOND=785,ZONE_OFFSET=-10800000,DST_OFFSET=0], address='Morengo St. 345, phone number='99887766, position='Manager, wage='600.0, seniority='4},employees=null}
2022-04-03 16:04:14,027 ERROR o.S.s.Main [main] This product is not on the list, it cannot be remove
2022-04-03 16:04:14,029 ERROR o.S.s.Main [main] A discount on the 3rd product cannot be aply, there's less than 3 products
2022-04-03 16:04:14,030 ERROR o.S.s.Main [main] This employee is not on the list, it cannot be remove
2022-04-03 16:04:43,451 INFO o.S.s.Main [main] Supermarket{Id='22, name='Wallmart, address='Main Road 345, phone number='99885533}
2022-04-03 16:04:43,826 INFO o.S.s.Main [main] Branch{Id='1, name='Branch 1, address='Saint Laurent St.123, phone number='11223344, city='Springfield, manager=Employee{Id='1, name='Lorenzo Marccini, age=29, date of birth='java.util.GregorianCalendar[time=?,areFieldsSet=false,areAllFieldsSet=true,lenient=true,zone=sun.util.calendar.ZoneInfo[id="America/Buenos_Aires",offset=-10800000,dstSavings=0,useDaylight=false,transitions=62,lastRule=null],firstDayOfWeek=2,minimalDaysInFirstWeek=4,ERA=1,YEAR=1992,MONTH=10,WEEK_OF_YEAR=13,WEEK_OF_MONTH=0,DAY_OF_MONTH=22,DAY_OF_YEAR=93,DAY_OF_WEEK=1,DAY_OF_WEEK_IN_MONTH=1,AM_PM=1,HOUR=4,HOUR_OF_DAY=16,MINUTE=4,SECOND=43,MILLISECOND=347,ZONE_OFFSET=-10800000,DST_OFFSET=0], address='Morengo St. 345, phone number='99887766, position='Manager, wage='600.0, seniority='4},employees=null}
2022-04-03 16:04:44,074 ERROR o.S.s.Main [main] This product is not on the list, it cannot be remove
2022-04-03 16:04:44,074 ERROR o.S.s.Main [main] A discount on the 3rd product cannot be aply, there's less than 3 products
2022-04-03 16:04:44,074 ERROR o.S.s.Main [main] This employee is not on the list, it cannot be remove
2022-04-03 16:04:44,338 ERROR o.S.s.Main [main] Not enough funds
