2022-04-24 16:53:32,254 INFO o.S.R.Reflection [main] Constructors: [public org.Solvd.supermarket.model.Employee(int,java.lang.String,int,java.util.Calendar,java.lang.String,java.lang.String,java.lang.String,double,int), public org.Solvd.supermarket.model.Employee(java.lang.String,double,int), public org.Solvd.supermarket.model.Employee()]
2022-04-24 16:53:32,259 INFO o.S.R.Reflection [main] Fields: [private java.lang.String org.Solvd.supermarket.model.Employee.position, private double org.Solvd.supermarket.model.Employee.wage, private int org.Solvd.supermarket.model.Employee.seniority]
2022-04-24 16:53:32,260 INFO o.S.R.Reflection [main] Methods: [public java.lang.String org.Solvd.supermarket.model.Employee.toString(), public java.lang.String org.Solvd.supermarket.model.Employee.getPosition(), public void org.Solvd.supermarket.model.Employee.setSeniority(int), public int org.Solvd.supermarket.model.Employee.getSeniority(), public void org.Solvd.supermarket.model.Employee.setWage(double), public double org.Solvd.supermarket.model.Employee.getWage(), public void org.Solvd.supermarket.model.Employee.setPosition(java.lang.String)]
2022-04-24 16:59:20,269 INFO o.S.R.Reflection [main] Constructor org.Solvd.supermarket.model.Employee
2022-04-24 16:59:20,275 INFO o.S.R.Reflection [main] Constructor org.Solvd.supermarket.model.Employee
2022-04-24 16:59:20,275 INFO o.S.R.Reflection [main] Constructor org.Solvd.supermarket.model.Employee
2022-04-24 16:59:20,277 INFO o.S.R.Reflection [main] Fields: [private java.lang.String org.Solvd.supermarket.model.Employee.position, private double org.Solvd.supermarket.model.Employee.wage, private int org.Solvd.supermarket.model.Employee.seniority]
2022-04-24 16:59:20,281 INFO o.S.R.Reflection [main] Methods: [public java.lang.String org.Solvd.supermarket.model.Employee.toString(), public java.lang.String org.Solvd.supermarket.model.Employee.getPosition(), public void org.Solvd.supermarket.model.Employee.setSeniority(int), public int org.Solvd.supermarket.model.Employee.getSeniority(), public void org.Solvd.supermarket.model.Employee.setWage(double), public void org.Solvd.supermarket.model.Employee.setPosition(java.lang.String), public double org.Solvd.supermarket.model.Employee.getWage()]
2022-04-24 17:00:55,074 INFO o.S.R.Reflection [main] Constructor org.Solvd.supermarket.model.Employee([Ljava.lang.reflect.Parameter;@50b5ac82)
2022-04-24 17:00:55,078 INFO o.S.R.Reflection [main] Constructor org.Solvd.supermarket.model.Employee([Ljava.lang.reflect.Parameter;@67c33749)
2022-04-24 17:00:55,078 INFO o.S.R.Reflection [main] Constructor org.Solvd.supermarket.model.Employee([Ljava.lang.reflect.Parameter;@fba92d3)
2022-04-24 17:00:55,080 INFO o.S.R.Reflection [main] Fields: [private java.lang.String org.Solvd.supermarket.model.Employee.position, private double org.Solvd.supermarket.model.Employee.wage, private int org.Solvd.supermarket.model.Employee.seniority]
2022-04-24 17:00:55,081 INFO o.S.R.Reflection [main] Methods: [public java.lang.String org.Solvd.supermarket.model.Employee.toString(), public java.lang.String org.Solvd.supermarket.model.Employee.getPosition(), public void org.Solvd.supermarket.model.Employee.setPosition(java.lang.String), public double org.Solvd.supermarket.model.Employee.getWage(), public int org.Solvd.supermarket.model.Employee.getSeniority(), public void org.Solvd.supermarket.model.Employee.setWage(double), public void org.Solvd.supermarket.model.Employee.setSeniority(int)]
2022-04-24 17:01:21,340 INFO o.S.R.Reflection [main] Constructor org.Solvd.supermarket.model.Employee([Ljava.lang.reflect.Parameter;@4de4b452)
2022-04-24 17:01:21,347 INFO o.S.R.Reflection [main] Constructor org.Solvd.supermarket.model.Employee([Ljava.lang.reflect.Parameter;@78123e82)
2022-04-24 17:01:21,348 INFO o.S.R.Reflection [main] Constructor org.Solvd.supermarket.model.Employee([Ljava.lang.reflect.Parameter;@67c33749)
2022-04-24 17:01:21,350 INFO o.S.R.Reflection [main] Fields: [private java.lang.String org.Solvd.supermarket.model.Employee.position, private double org.Solvd.supermarket.model.Employee.wage, private int org.Solvd.supermarket.model.Employee.seniority]
2022-04-24 17:01:21,355 INFO o.S.R.Reflection [main] Methods: [public java.lang.String org.Solvd.supermarket.model.Employee.toString(), public java.lang.String org.Solvd.supermarket.model.Employee.getPosition(), public void org.Solvd.supermarket.model.Employee.setPosition(java.lang.String), public void org.Solvd.supermarket.model.Employee.setSeniority(int), public void org.Solvd.supermarket.model.Employee.setWage(double), public int org.Solvd.supermarket.model.Employee.getSeniority(), public double org.Solvd.supermarket.model.Employee.getWage()]
2022-04-24 17:01:54,821 INFO o.S.R.Reflection [main] Constructor org.Solvd.supermarket.model.Employee([int arg0, java.lang.String arg1, int arg2, java.util.Calendar arg3, java.lang.String arg4, java.lang.String arg5, java.lang.String arg6, double arg7, int arg8])
2022-04-24 17:01:54,827 INFO o.S.R.Reflection [main] Constructor org.Solvd.supermarket.model.Employee([java.lang.String arg0, double arg1, int arg2])
2022-04-24 17:01:54,828 INFO o.S.R.Reflection [main] Constructor org.Solvd.supermarket.model.Employee([])
2022-04-24 17:01:54,829 INFO o.S.R.Reflection [main] Fields: [private java.lang.String org.Solvd.supermarket.model.Employee.position, private double org.Solvd.supermarket.model.Employee.wage, private int org.Solvd.supermarket.model.Employee.seniority]
2022-04-24 17:01:54,830 INFO o.S.R.Reflection [main] Methods: [public java.lang.String org.Solvd.supermarket.model.Employee.toString(), public java.lang.String org.Solvd.supermarket.model.Employee.getPosition(), public double org.Solvd.supermarket.model.Employee.getWage(), public void org.Solvd.supermarket.model.Employee.setSeniority(int), public void org.Solvd.supermarket.model.Employee.setPosition(java.lang.String), public int org.Solvd.supermarket.model.Employee.getSeniority(), public void org.Solvd.supermarket.model.Employee.setWage(double)]
2022-04-24 17:05:11,567 INFO o.S.R.Reflection [main] Constructor org.Solvd.supermarket.model.Employee([int, class java.lang.String, int, class java.util.Calendar, class java.lang.String, class java.lang.String, class java.lang.String, double, int])
2022-04-24 17:05:11,572 INFO o.S.R.Reflection [main] Constructor org.Solvd.supermarket.model.Employee([class java.lang.String, double, int])
2022-04-24 17:05:11,573 INFO o.S.R.Reflection [main] Constructor org.Solvd.supermarket.model.Employee([])
2022-04-24 17:05:11,573 INFO o.S.R.Reflection [main] Fields: [private java.lang.String org.Solvd.supermarket.model.Employee.position, private double org.Solvd.supermarket.model.Employee.wage, private int org.Solvd.supermarket.model.Employee.seniority]
2022-04-24 17:05:11,575 INFO o.S.R.Reflection [main] Methods: [public java.lang.String org.Solvd.supermarket.model.Employee.toString(), public java.lang.String org.Solvd.supermarket.model.Employee.getPosition(), public void org.Solvd.supermarket.model.Employee.setPosition(java.lang.String), public void org.Solvd.supermarket.model.Employee.setSeniority(int), public int org.Solvd.supermarket.model.Employee.getSeniority(), public double org.Solvd.supermarket.model.Employee.getWage(), public void org.Solvd.supermarket.model.Employee.setWage(double)]
2022-04-24 17:19:15,581 INFO o.S.R.Reflection [main] Constructor org.Solvd.supermarket.model.Employee([int, class java.lang.String, int, class java.util.Calendar, class java.lang.String, class java.lang.String, class java.lang.String, double, int])
2022-04-24 17:19:15,586 INFO o.S.R.Reflection [main] Constructor org.Solvd.supermarket.model.Employee([class java.lang.String, double, int])
2022-04-24 17:19:15,586 INFO o.S.R.Reflection [main] Constructor org.Solvd.supermarket.model.Employee([])
2022-04-24 17:19:15,587 INFO o.S.R.Reflection [main] Fields [private java.lang.String org.Solvd.supermarket.model.Employee.position, private double org.Solvd.supermarket.model.Employee.wage, private int org.Solvd.supermarket.model.Employee.seniority]
2022-04-24 17:19:15,588 INFO o.S.R.Reflection [main] Methods [public java.lang.String org.Solvd.supermarket.model.Employee.toString(), public java.lang.String org.Solvd.supermarket.model.Employee.getPosition(), public void org.Solvd.supermarket.model.Employee.setWage(double), public void org.Solvd.supermarket.model.Employee.setPosition(java.lang.String), public void org.Solvd.supermarket.model.Employee.setSeniority(int), public double org.Solvd.supermarket.model.Employee.getWage(), public int org.Solvd.supermarket.model.Employee.getSeniority()]
